ERROR - 2022-05-11 11:40:55 --> Error connecting to the database: Unknown database 'exemplo'
CRITICAL - 2022-05-11 11:46:17 --> Invalid file: pessoas..php
#0 C:\wamp64\www\CarCenter\system\View\View.php(198): CodeIgniter\Exceptions\FrameworkException::forInvalidFile('pessoas..php')
#1 C:\wamp64\www\CarCenter\system\Common.php(1089): CodeIgniter\View\View->render('pessoas.', Array, true)
#2 C:\wamp64\www\CarCenter\app\Controllers\Home.php(19): view('pessoas.')
#3 C:\wamp64\www\CarCenter\system\CodeIgniter.php(825): App\Controllers\Home->page('pessoas.')
#4 C:\wamp64\www\CarCenter\system\CodeIgniter.php(412): CodeIgniter\CodeIgniter->runController(Object(App\Controllers\Home))
#5 C:\wamp64\www\CarCenter\system\CodeIgniter.php(320): CodeIgniter\CodeIgniter->handleRequest(NULL, Object(Config\Cache), false)
#6 C:\wamp64\www\CarCenter\public\index.php(37): CodeIgniter\CodeIgniter->run()
#7 C:\wamp64\www\CarCenter\system\Commands\Server\rewrite.php(43): require_once('C:\\wamp64\\www\\C...')
#8 {main}
CRITICAL - 2022-05-11 11:46:20 --> Undefined variable: title
#0 C:\wamp64\www\CarCenter\app\Views\pessoas.php(3): CodeIgniter\Debug\Exceptions->errorHandler(8, 'Undefined varia...', 'C:\\wamp64\\www\\C...', 3, Array)
#1 C:\wamp64\www\CarCenter\system\View\View.php(210): include('C:\\wamp64\\www\\C...')
#2 C:\wamp64\www\CarCenter\system\View\View.php(213): CodeIgniter\View\View->CodeIgniter\View\{closure}()
#3 C:\wamp64\www\CarCenter\system\Common.php(1089): CodeIgniter\View\View->render('pessoas', Array, true)
#4 C:\wamp64\www\CarCenter\app\Controllers\Home.php(19): view('pessoas')
#5 C:\wamp64\www\CarCenter\system\CodeIgniter.php(825): App\Controllers\Home->page('pessoas')
#6 C:\wamp64\www\CarCenter\system\CodeIgniter.php(412): CodeIgniter\CodeIgniter->runController(Object(App\Controllers\Home))
#7 C:\wamp64\www\CarCenter\system\CodeIgniter.php(320): CodeIgniter\CodeIgniter->handleRequest(NULL, Object(Config\Cache), false)
#8 C:\wamp64\www\CarCenter\public\index.php(37): CodeIgniter\CodeIgniter->run()
#9 C:\wamp64\www\CarCenter\system\Commands\Server\rewrite.php(43): require_once('C:\\wamp64\\www\\C...')
#10 {main}
CRITICAL - 2022-05-11 11:58:21 --> Undefined variable: id
#0 C:\wamp64\www\CarCenter\app\Controllers\Home.php(62): CodeIgniter\Debug\Exceptions->errorHandler(8, 'Undefined varia...', 'C:\\wamp64\\www\\C...', 62, Array)
#1 C:\wamp64\www\CarCenter\system\CodeIgniter.php(825): App\Controllers\Home->excluir('1')
#2 C:\wamp64\www\CarCenter\system\CodeIgniter.php(412): CodeIgniter\CodeIgniter->runController(Object(App\Controllers\Home))
#3 C:\wamp64\www\CarCenter\system\CodeIgniter.php(320): CodeIgniter\CodeIgniter->handleRequest(NULL, Object(Config\Cache), false)
#4 C:\wamp64\www\CarCenter\public\index.php(37): CodeIgniter\CodeIgniter->run()
#5 C:\wamp64\www\CarCenter\system\Commands\Server\rewrite.php(43): require_once('C:\\wamp64\\www\\C...')
#6 {main}
CRITICAL - 2022-05-11 11:58:57 --> Undefined variable: id
#0 C:\wamp64\www\CarCenter\app\Controllers\Home.php(62): CodeIgniter\Debug\Exceptions->errorHandler(8, 'Undefined varia...', 'C:\\wamp64\\www\\C...', 62, Array)
#1 C:\wamp64\www\CarCenter\system\CodeIgniter.php(825): App\Controllers\Home->excluir('5')
#2 C:\wamp64\www\CarCenter\system\CodeIgniter.php(412): CodeIgniter\CodeIgniter->runController(Object(App\Controllers\Home))
#3 C:\wamp64\www\CarCenter\system\CodeIgniter.php(320): CodeIgniter\CodeIgniter->handleRequest(NULL, Object(Config\Cache), false)
#4 C:\wamp64\www\CarCenter\public\index.php(37): CodeIgniter\CodeIgniter->run()
#5 C:\wamp64\www\CarCenter\system\Commands\Server\rewrite.php(43): require_once('C:\\wamp64\\www\\C...')
#6 {main}
