CRITICAL - 2022-03-16 11:43:04 --> Invalid file: public.php
#0 C:\wamp64\www\CodeIgniter\system\View\View.php(198): CodeIgniter\Exceptions\FrameworkException::forInvalidFile('public.php')
#1 C:\wamp64\www\CodeIgniter\system\Common.php(1089): CodeIgniter\View\View->render('public', Array, true)
#2 C:\wamp64\www\CodeIgniter\app\Controllers\Home.php(16): view('public')
#3 C:\wamp64\www\CodeIgniter\system\CodeIgniter.php(825): App\Controllers\Home->page('public', 'css', 'style.css')
#4 C:\wamp64\www\CodeIgniter\system\CodeIgniter.php(412): CodeIgniter\CodeIgniter->runController(Object(App\Controllers\Home))
#5 C:\wamp64\www\CodeIgniter\system\CodeIgniter.php(320): CodeIgniter\CodeIgniter->handleRequest(NULL, Object(Config\Cache), false)
#6 C:\wamp64\www\CodeIgniter\public\index.php(37): CodeIgniter\CodeIgniter->run()
#7 C:\wamp64\www\CodeIgniter\system\Commands\Server\rewrite.php(43): require_once('C:\\wamp64\\www\\C...')
#8 {main}
CRITICAL - 2022-03-16 11:44:20 --> Invalid file: public.php
#0 C:\wamp64\www\CodeIgniter\system\View\View.php(198): CodeIgniter\Exceptions\FrameworkException::forInvalidFile('public.php')
#1 C:\wamp64\www\CodeIgniter\system\Common.php(1089): CodeIgniter\View\View->render('public', Array, true)
#2 C:\wamp64\www\CodeIgniter\app\Controllers\Home.php(16): view('public')
#3 C:\wamp64\www\CodeIgniter\system\CodeIgniter.php(825): App\Controllers\Home->page('public', 'css', 'style.css')
#4 C:\wamp64\www\CodeIgniter\system\CodeIgniter.php(412): CodeIgniter\CodeIgniter->runController(Object(App\Controllers\Home))
#5 C:\wamp64\www\CodeIgniter\system\CodeIgniter.php(320): CodeIgniter\CodeIgniter->handleRequest(NULL, Object(Config\Cache), false)
#6 C:\wamp64\www\CodeIgniter\public\index.php(37): CodeIgniter\CodeIgniter->run()
#7 C:\wamp64\www\CodeIgniter\system\Commands\Server\rewrite.php(43): require_once('C:\\wamp64\\www\\C...')
#8 {main}
CRITICAL - 2022-03-16 11:47:49 --> Invalid file: public.php
#0 C:\wamp64\www\CodeIgniter\system\View\View.php(198): CodeIgniter\Exceptions\FrameworkException::forInvalidFile('public.php')
#1 C:\wamp64\www\CodeIgniter\system\Common.php(1089): CodeIgniter\View\View->render('public', Array, true)
#2 C:\wamp64\www\CodeIgniter\app\Controllers\Home.php(16): view('public')
#3 C:\wamp64\www\CodeIgniter\system\CodeIgniter.php(825): App\Controllers\Home->page('public', 'css', 'style.css')
#4 C:\wamp64\www\CodeIgniter\system\CodeIgniter.php(412): CodeIgniter\CodeIgniter->runController(Object(App\Controllers\Home))
#5 C:\wamp64\www\CodeIgniter\system\CodeIgniter.php(320): CodeIgniter\CodeIgniter->handleRequest(NULL, Object(Config\Cache), false)
#6 C:\wamp64\www\CodeIgniter\public\index.php(37): CodeIgniter\CodeIgniter->run()
#7 C:\wamp64\www\CodeIgniter\system\Commands\Server\rewrite.php(43): require_once('C:\\wamp64\\www\\C...')
#8 {main}
CRITICAL - 2022-03-16 11:50:30 --> Invalid file: public.php
#0 C:\wamp64\www\CodeIgniter\system\View\View.php(198): CodeIgniter\Exceptions\FrameworkException::forInvalidFile('public.php')
#1 C:\wamp64\www\CodeIgniter\system\Common.php(1089): CodeIgniter\View\View->render('public', Array, true)
#2 C:\wamp64\www\CodeIgniter\app\Controllers\Home.php(16): view('public')
#3 C:\wamp64\www\CodeIgniter\system\CodeIgniter.php(825): App\Controllers\Home->page('public', 'css', 'style.css')
#4 C:\wamp64\www\CodeIgniter\system\CodeIgniter.php(412): CodeIgniter\CodeIgniter->runController(Object(App\Controllers\Home))
#5 C:\wamp64\www\CodeIgniter\system\CodeIgniter.php(320): CodeIgniter\CodeIgniter->handleRequest(NULL, Object(Config\Cache), false)
#6 C:\wamp64\www\CodeIgniter\public\index.php(37): CodeIgniter\CodeIgniter->run()
#7 C:\wamp64\www\CodeIgniter\system\Commands\Server\rewrite.php(43): require_once('C:\\wamp64\\www\\C...')
#8 {main}
CRITICAL - 2022-03-16 11:52:43 --> Invalid file: public.php
#0 C:\wamp64\www\CodeIgniter\system\View\View.php(198): CodeIgniter\Exceptions\FrameworkException::forInvalidFile('public.php')
#1 C:\wamp64\www\CodeIgniter\system\Common.php(1089): CodeIgniter\View\View->render('public', Array, true)
#2 C:\wamp64\www\CodeIgniter\app\Controllers\Home.php(16): view('public')
#3 C:\wamp64\www\CodeIgniter\system\CodeIgniter.php(825): App\Controllers\Home->page('public', 'css', 'style.css')
#4 C:\wamp64\www\CodeIgniter\system\CodeIgniter.php(412): CodeIgniter\CodeIgniter->runController(Object(App\Controllers\Home))
#5 C:\wamp64\www\CodeIgniter\system\CodeIgniter.php(320): CodeIgniter\CodeIgniter->handleRequest(NULL, Object(Config\Cache), false)
#6 C:\wamp64\www\CodeIgniter\public\index.php(37): CodeIgniter\CodeIgniter->run()
#7 C:\wamp64\www\CodeIgniter\system\Commands\Server\rewrite.php(43): require_once('C:\\wamp64\\www\\C...')
#8 {main}
CRITICAL - 2022-03-16 11:53:19 --> Invalid file: public.php
#0 C:\wamp64\www\CodeIgniter\system\View\View.php(198): CodeIgniter\Exceptions\FrameworkException::forInvalidFile('public.php')
#1 C:\wamp64\www\CodeIgniter\system\Common.php(1089): CodeIgniter\View\View->render('public', Array, true)
#2 C:\wamp64\www\CodeIgniter\app\Controllers\Home.php(16): view('public')
#3 C:\wamp64\www\CodeIgniter\system\CodeIgniter.php(825): App\Controllers\Home->page('public', 'css', 'style.css')
#4 C:\wamp64\www\CodeIgniter\system\CodeIgniter.php(412): CodeIgniter\CodeIgniter->runController(Object(App\Controllers\Home))
#5 C:\wamp64\www\CodeIgniter\system\CodeIgniter.php(320): CodeIgniter\CodeIgniter->handleRequest(NULL, Object(Config\Cache), false)
#6 C:\wamp64\www\CodeIgniter\public\index.php(37): CodeIgniter\CodeIgniter->run()
#7 C:\wamp64\www\CodeIgniter\system\Commands\Server\rewrite.php(43): require_once('C:\\wamp64\\www\\C...')
#8 {main}
