CRITICAL - 2022-04-06 12:23:15 --> Invalid file: docs.php
#0 C:\wamp64\www\CodeIgniter\system\View\View.php(198): CodeIgniter\Exceptions\FrameworkException::forInvalidFile('docs.php')
#1 C:\wamp64\www\CodeIgniter\system\Common.php(1089): CodeIgniter\View\View->render('docs', Array, true)
#2 C:\wamp64\www\CodeIgniter\app\Controllers\Home.php(16): view('docs')
#3 C:\wamp64\www\CodeIgniter\system\CodeIgniter.php(825): App\Controllers\Home->page('docs', '5.0', 'assets', 'brand', 'bootstrap-logo....')
#4 C:\wamp64\www\CodeIgniter\system\CodeIgniter.php(412): CodeIgniter\CodeIgniter->runController(Object(App\Controllers\Home))
#5 C:\wamp64\www\CodeIgniter\system\CodeIgniter.php(320): CodeIgniter\CodeIgniter->handleRequest(NULL, Object(Config\Cache), false)
#6 C:\wamp64\www\CodeIgniter\public\index.php(37): CodeIgniter\CodeIgniter->run()
#7 C:\wamp64\www\CodeIgniter\system\Commands\Server\rewrite.php(43): require_once('C:\\wamp64\\www\\C...')
#8 {main}
CRITICAL - 2022-04-06 12:24:07 --> Invalid file: docs.php
#0 C:\wamp64\www\CodeIgniter\system\View\View.php(198): CodeIgniter\Exceptions\FrameworkException::forInvalidFile('docs.php')
#1 C:\wamp64\www\CodeIgniter\system\Common.php(1089): CodeIgniter\View\View->render('docs', Array, true)
#2 C:\wamp64\www\CodeIgniter\app\Controllers\Home.php(16): view('docs')
#3 C:\wamp64\www\CodeIgniter\system\CodeIgniter.php(825): App\Controllers\Home->page('docs', '5.0', 'assets', 'brand', 'bootstrap-logo....')
#4 C:\wamp64\www\CodeIgniter\system\CodeIgniter.php(412): CodeIgniter\CodeIgniter->runController(Object(App\Controllers\Home))
#5 C:\wamp64\www\CodeIgniter\system\CodeIgniter.php(320): CodeIgniter\CodeIgniter->handleRequest(NULL, Object(Config\Cache), false)
#6 C:\wamp64\www\CodeIgniter\public\index.php(37): CodeIgniter\CodeIgniter->run()
#7 C:\wamp64\www\CodeIgniter\system\Commands\Server\rewrite.php(43): require_once('C:\\wamp64\\www\\C...')
#8 {main}
ERROR - 2022-04-06 12:32:25 --> Error connecting to the database: Unknown database 'exemplo'
