CRITICAL - 2022-05-04 12:09:05 --> Undefined variable: title
#0 C:\wamp64\www\CarCenter\app\Views\pessoas.php(1): CodeIgniter\Debug\Exceptions->errorHandler(8, 'Undefined varia...', 'C:\\wamp64\\www\\C...', 1, Array)
#1 C:\wamp64\www\CarCenter\system\View\View.php(210): include('C:\\wamp64\\www\\C...')
#2 C:\wamp64\www\CarCenter\system\View\View.php(213): CodeIgniter\View\View->CodeIgniter\View\{closure}()
#3 C:\wamp64\www\CarCenter\system\Common.php(1089): CodeIgniter\View\View->render('Pessoas', Array, true)
#4 C:\wamp64\www\CarCenter\app\Controllers\Home.php(19): view('Pessoas')
#5 C:\wamp64\www\CarCenter\system\CodeIgniter.php(825): App\Controllers\Home->page('Pessoas')
#6 C:\wamp64\www\CarCenter\system\CodeIgniter.php(412): CodeIgniter\CodeIgniter->runController(Object(App\Controllers\Home))
#7 C:\wamp64\www\CarCenter\system\CodeIgniter.php(320): CodeIgniter\CodeIgniter->handleRequest(NULL, Object(Config\Cache), false)
#8 C:\wamp64\www\CarCenter\public\index.php(37): CodeIgniter\CodeIgniter->run()
#9 C:\wamp64\www\CarCenter\system\Commands\Server\rewrite.php(43): require_once('C:\\wamp64\\www\\C...')
#10 {main}
CRITICAL - 2022-05-04 12:09:11 --> Invalid file: Pessoa.php
#0 C:\wamp64\www\CarCenter\system\View\View.php(198): CodeIgniter\Exceptions\FrameworkException::forInvalidFile('Pessoa.php')
#1 C:\wamp64\www\CarCenter\system\Common.php(1089): CodeIgniter\View\View->render('Pessoa', Array, true)
#2 C:\wamp64\www\CarCenter\app\Controllers\Home.php(19): view('Pessoa')
#3 C:\wamp64\www\CarCenter\system\CodeIgniter.php(825): App\Controllers\Home->page('Pessoa')
#4 C:\wamp64\www\CarCenter\system\CodeIgniter.php(412): CodeIgniter\CodeIgniter->runController(Object(App\Controllers\Home))
#5 C:\wamp64\www\CarCenter\system\CodeIgniter.php(320): CodeIgniter\CodeIgniter->handleRequest(NULL, Object(Config\Cache), false)
#6 C:\wamp64\www\CarCenter\public\index.php(37): CodeIgniter\CodeIgniter->run()
#7 C:\wamp64\www\CarCenter\system\Commands\Server\rewrite.php(43): require_once('C:\\wamp64\\www\\C...')
#8 {main}
CRITICAL - 2022-05-04 12:09:47 --> Undefined variable: title
#0 C:\wamp64\www\CarCenter\app\Views\pessoas.php(1): CodeIgniter\Debug\Exceptions->errorHandler(8, 'Undefined varia...', 'C:\\wamp64\\www\\C...', 1, Array)
#1 C:\wamp64\www\CarCenter\system\View\View.php(210): include('C:\\wamp64\\www\\C...')
#2 C:\wamp64\www\CarCenter\system\View\View.php(213): CodeIgniter\View\View->CodeIgniter\View\{closure}()
#3 C:\wamp64\www\CarCenter\system\Common.php(1089): CodeIgniter\View\View->render('Pessoas', Array, true)
#4 C:\wamp64\www\CarCenter\app\Controllers\Home.php(19): view('Pessoas')
#5 C:\wamp64\www\CarCenter\system\CodeIgniter.php(825): App\Controllers\Home->page('Pessoas')
#6 C:\wamp64\www\CarCenter\system\CodeIgniter.php(412): CodeIgniter\CodeIgniter->runController(Object(App\Controllers\Home))
#7 C:\wamp64\www\CarCenter\system\CodeIgniter.php(320): CodeIgniter\CodeIgniter->handleRequest(NULL, Object(Config\Cache), false)
#8 C:\wamp64\www\CarCenter\public\index.php(37): CodeIgniter\CodeIgniter->run()
#9 C:\wamp64\www\CarCenter\system\Commands\Server\rewrite.php(43): require_once('C:\\wamp64\\www\\C...')
#10 {main}
CRITICAL - 2022-05-04 12:11:06 --> Undefined variable: title
#0 C:\wamp64\www\CarCenter\app\Views\pessoas.php(1): CodeIgniter\Debug\Exceptions->errorHandler(8, 'Undefined varia...', 'C:\\wamp64\\www\\C...', 1, Array)
#1 C:\wamp64\www\CarCenter\system\View\View.php(210): include('C:\\wamp64\\www\\C...')
#2 C:\wamp64\www\CarCenter\system\View\View.php(213): CodeIgniter\View\View->CodeIgniter\View\{closure}()
#3 C:\wamp64\www\CarCenter\system\Common.php(1089): CodeIgniter\View\View->render('pessoas', Array, true)
#4 C:\wamp64\www\CarCenter\app\Controllers\Home.php(19): view('pessoas')
#5 C:\wamp64\www\CarCenter\system\CodeIgniter.php(825): App\Controllers\Home->page('pessoas')
#6 C:\wamp64\www\CarCenter\system\CodeIgniter.php(412): CodeIgniter\CodeIgniter->runController(Object(App\Controllers\Home))
#7 C:\wamp64\www\CarCenter\system\CodeIgniter.php(320): CodeIgniter\CodeIgniter->handleRequest(NULL, Object(Config\Cache), false)
#8 C:\wamp64\www\CarCenter\public\index.php(37): CodeIgniter\CodeIgniter->run()
#9 C:\wamp64\www\CarCenter\system\Commands\Server\rewrite.php(43): require_once('C:\\wamp64\\www\\C...')
#10 {main}
CRITICAL - 2022-05-04 12:11:44 --> Undefined variable: title
#0 C:\wamp64\www\CarCenter\app\Views\pessoas.php(1): CodeIgniter\Debug\Exceptions->errorHandler(8, 'Undefined varia...', 'C:\\wamp64\\www\\C...', 1, Array)
#1 C:\wamp64\www\CarCenter\system\View\View.php(210): include('C:\\wamp64\\www\\C...')
#2 C:\wamp64\www\CarCenter\system\View\View.php(213): CodeIgniter\View\View->CodeIgniter\View\{closure}()
#3 C:\wamp64\www\CarCenter\system\Common.php(1089): CodeIgniter\View\View->render('Pessoas', Array, true)
#4 C:\wamp64\www\CarCenter\app\Controllers\Home.php(19): view('Pessoas')
#5 C:\wamp64\www\CarCenter\system\CodeIgniter.php(825): App\Controllers\Home->page('Pessoas')
#6 C:\wamp64\www\CarCenter\system\CodeIgniter.php(412): CodeIgniter\CodeIgniter->runController(Object(App\Controllers\Home))
#7 C:\wamp64\www\CarCenter\system\CodeIgniter.php(320): CodeIgniter\CodeIgniter->handleRequest(NULL, Object(Config\Cache), false)
#8 C:\wamp64\www\CarCenter\public\index.php(37): CodeIgniter\CodeIgniter->run()
#9 C:\wamp64\www\CarCenter\system\Commands\Server\rewrite.php(43): require_once('C:\\wamp64\\www\\C...')
#10 {main}
CRITICAL - 2022-05-04 12:11:47 --> Undefined variable: title
#0 C:\wamp64\www\CarCenter\app\Views\pessoas.php(1): CodeIgniter\Debug\Exceptions->errorHandler(8, 'Undefined varia...', 'C:\\wamp64\\www\\C...', 1, Array)
#1 C:\wamp64\www\CarCenter\system\View\View.php(210): include('C:\\wamp64\\www\\C...')
#2 C:\wamp64\www\CarCenter\system\View\View.php(213): CodeIgniter\View\View->CodeIgniter\View\{closure}()
#3 C:\wamp64\www\CarCenter\system\Common.php(1089): CodeIgniter\View\View->render('Pessoas', Array, true)
#4 C:\wamp64\www\CarCenter\app\Controllers\Home.php(19): view('Pessoas')
#5 C:\wamp64\www\CarCenter\system\CodeIgniter.php(825): App\Controllers\Home->page('Pessoas')
#6 C:\wamp64\www\CarCenter\system\CodeIgniter.php(412): CodeIgniter\CodeIgniter->runController(Object(App\Controllers\Home))
#7 C:\wamp64\www\CarCenter\system\CodeIgniter.php(320): CodeIgniter\CodeIgniter->handleRequest(NULL, Object(Config\Cache), false)
#8 C:\wamp64\www\CarCenter\public\index.php(37): CodeIgniter\CodeIgniter->run()
#9 C:\wamp64\www\CarCenter\system\Commands\Server\rewrite.php(43): require_once('C:\\wamp64\\www\\C...')
#10 {main}
CRITICAL - 2022-05-04 12:11:52 --> Undefined variable: title
#0 C:\wamp64\www\CarCenter\app\Views\pessoas.php(1): CodeIgniter\Debug\Exceptions->errorHandler(8, 'Undefined varia...', 'C:\\wamp64\\www\\C...', 1, Array)
#1 C:\wamp64\www\CarCenter\system\View\View.php(210): include('C:\\wamp64\\www\\C...')
#2 C:\wamp64\www\CarCenter\system\View\View.php(213): CodeIgniter\View\View->CodeIgniter\View\{closure}()
#3 C:\wamp64\www\CarCenter\system\Common.php(1089): CodeIgniter\View\View->render('Pessoas', Array, true)
#4 C:\wamp64\www\CarCenter\app\Controllers\Home.php(19): view('Pessoas')
#5 C:\wamp64\www\CarCenter\system\CodeIgniter.php(825): App\Controllers\Home->page('Pessoas')
#6 C:\wamp64\www\CarCenter\system\CodeIgniter.php(412): CodeIgniter\CodeIgniter->runController(Object(App\Controllers\Home))
#7 C:\wamp64\www\CarCenter\system\CodeIgniter.php(320): CodeIgniter\CodeIgniter->handleRequest(NULL, Object(Config\Cache), false)
#8 C:\wamp64\www\CarCenter\public\index.php(37): CodeIgniter\CodeIgniter->run()
#9 C:\wamp64\www\CarCenter\system\Commands\Server\rewrite.php(43): require_once('C:\\wamp64\\www\\C...')
#10 {main}
CRITICAL - 2022-05-04 12:12:01 --> Undefined variable: title
#0 C:\wamp64\www\CarCenter\app\Views\pessoas.php(1): CodeIgniter\Debug\Exceptions->errorHandler(8, 'Undefined varia...', 'C:\\wamp64\\www\\C...', 1, Array)
#1 C:\wamp64\www\CarCenter\system\View\View.php(210): include('C:\\wamp64\\www\\C...')
#2 C:\wamp64\www\CarCenter\system\View\View.php(213): CodeIgniter\View\View->CodeIgniter\View\{closure}()
#3 C:\wamp64\www\CarCenter\system\Common.php(1089): CodeIgniter\View\View->render('Pessoas', Array, true)
#4 C:\wamp64\www\CarCenter\app\Controllers\Home.php(19): view('Pessoas')
#5 C:\wamp64\www\CarCenter\system\CodeIgniter.php(825): App\Controllers\Home->page('Pessoas')
#6 C:\wamp64\www\CarCenter\system\CodeIgniter.php(412): CodeIgniter\CodeIgniter->runController(Object(App\Controllers\Home))
#7 C:\wamp64\www\CarCenter\system\CodeIgniter.php(320): CodeIgniter\CodeIgniter->handleRequest(NULL, Object(Config\Cache), false)
#8 C:\wamp64\www\CarCenter\public\index.php(37): CodeIgniter\CodeIgniter->run()
#9 C:\wamp64\www\CarCenter\system\Commands\Server\rewrite.php(43): require_once('C:\\wamp64\\www\\C...')
#10 {main}
CRITICAL - 2022-05-04 12:12:08 --> Undefined variable: title
#0 C:\wamp64\www\CarCenter\app\Views\pessoas.php(1): CodeIgniter\Debug\Exceptions->errorHandler(8, 'Undefined varia...', 'C:\\wamp64\\www\\C...', 1, Array)
#1 C:\wamp64\www\CarCenter\system\View\View.php(210): include('C:\\wamp64\\www\\C...')
#2 C:\wamp64\www\CarCenter\system\View\View.php(213): CodeIgniter\View\View->CodeIgniter\View\{closure}()
#3 C:\wamp64\www\CarCenter\system\Common.php(1089): CodeIgniter\View\View->render('Pessoas', Array, true)
#4 C:\wamp64\www\CarCenter\app\Controllers\Home.php(19): view('Pessoas')
#5 C:\wamp64\www\CarCenter\system\CodeIgniter.php(825): App\Controllers\Home->page('Pessoas')
#6 C:\wamp64\www\CarCenter\system\CodeIgniter.php(412): CodeIgniter\CodeIgniter->runController(Object(App\Controllers\Home))
#7 C:\wamp64\www\CarCenter\system\CodeIgniter.php(320): CodeIgniter\CodeIgniter->handleRequest(NULL, Object(Config\Cache), false)
#8 C:\wamp64\www\CarCenter\public\index.php(37): CodeIgniter\CodeIgniter->run()
#9 C:\wamp64\www\CarCenter\system\Commands\Server\rewrite.php(43): require_once('C:\\wamp64\\www\\C...')
#10 {main}
CRITICAL - 2022-05-04 12:12:20 --> Undefined variable: title
#0 C:\wamp64\www\CarCenter\app\Views\pessoas.php(1): CodeIgniter\Debug\Exceptions->errorHandler(8, 'Undefined varia...', 'C:\\wamp64\\www\\C...', 1, Array)
#1 C:\wamp64\www\CarCenter\system\View\View.php(210): include('C:\\wamp64\\www\\C...')
#2 C:\wamp64\www\CarCenter\system\View\View.php(213): CodeIgniter\View\View->CodeIgniter\View\{closure}()
#3 C:\wamp64\www\CarCenter\system\Common.php(1089): CodeIgniter\View\View->render('Pessoas', Array, true)
#4 C:\wamp64\www\CarCenter\app\Controllers\Home.php(19): view('Pessoas')
#5 C:\wamp64\www\CarCenter\system\CodeIgniter.php(825): App\Controllers\Home->page('Pessoas')
#6 C:\wamp64\www\CarCenter\system\CodeIgniter.php(412): CodeIgniter\CodeIgniter->runController(Object(App\Controllers\Home))
#7 C:\wamp64\www\CarCenter\system\CodeIgniter.php(320): CodeIgniter\CodeIgniter->handleRequest(NULL, Object(Config\Cache), false)
#8 C:\wamp64\www\CarCenter\public\index.php(37): CodeIgniter\CodeIgniter->run()
#9 C:\wamp64\www\CarCenter\system\Commands\Server\rewrite.php(43): require_once('C:\\wamp64\\www\\C...')
#10 {main}
CRITICAL - 2022-05-04 12:12:28 --> Undefined variable: title
#0 C:\wamp64\www\CarCenter\app\Views\pessoas.php(1): CodeIgniter\Debug\Exceptions->errorHandler(8, 'Undefined varia...', 'C:\\wamp64\\www\\C...', 1, Array)
#1 C:\wamp64\www\CarCenter\system\View\View.php(210): include('C:\\wamp64\\www\\C...')
#2 C:\wamp64\www\CarCenter\system\View\View.php(213): CodeIgniter\View\View->CodeIgniter\View\{closure}()
#3 C:\wamp64\www\CarCenter\system\Common.php(1089): CodeIgniter\View\View->render('Pessoas', Array, true)
#4 C:\wamp64\www\CarCenter\app\Controllers\Home.php(19): view('Pessoas')
#5 C:\wamp64\www\CarCenter\system\CodeIgniter.php(825): App\Controllers\Home->page('Pessoas')
#6 C:\wamp64\www\CarCenter\system\CodeIgniter.php(412): CodeIgniter\CodeIgniter->runController(Object(App\Controllers\Home))
#7 C:\wamp64\www\CarCenter\system\CodeIgniter.php(320): CodeIgniter\CodeIgniter->handleRequest(NULL, Object(Config\Cache), false)
#8 C:\wamp64\www\CarCenter\public\index.php(37): CodeIgniter\CodeIgniter->run()
#9 C:\wamp64\www\CarCenter\system\Commands\Server\rewrite.php(43): require_once('C:\\wamp64\\www\\C...')
#10 {main}
ERROR - 2022-05-04 12:51:25 --> Column 'nome' cannot be null
CRITICAL - 2022-05-04 12:51:25 --> Column 'nome' cannot be null
#0 C:\wamp64\www\CarCenter\system\Database\MySQLi\Connection.php(292): mysqli->query('INSERT INTO `tb...', 0)
#1 C:\wamp64\www\CarCenter\system\Database\BaseConnection.php(670): CodeIgniter\Database\MySQLi\Connection->execute('INSERT INTO `tb...')
#2 C:\wamp64\www\CarCenter\system\Database\BaseConnection.php(598): CodeIgniter\Database\BaseConnection->simpleQuery('INSERT INTO `tb...')
#3 C:\wamp64\www\CarCenter\system\Database\BaseBuilder.php(1771): CodeIgniter\Database\BaseConnection->query('INSERT INTO `tb...', Array, false)
#4 C:\wamp64\www\CarCenter\system\Model.php(239): CodeIgniter\Database\BaseBuilder->insert()
#5 C:\wamp64\www\CarCenter\system\BaseModel.php(738): CodeIgniter\Model->doInsert(Array)
#6 C:\wamp64\www\CarCenter\system\Model.php(625): CodeIgniter\BaseModel->insert(Array, false)
#7 C:\wamp64\www\CarCenter\system\BaseModel.php(658): CodeIgniter\Model->insert(Array, false)
#8 C:\wamp64\www\CarCenter\app\Controllers\Home.php(52): CodeIgniter\BaseModel->save(Array)
#9 C:\wamp64\www\CarCenter\system\CodeIgniter.php(825): App\Controllers\Home->inscrever()
#10 C:\wamp64\www\CarCenter\system\CodeIgniter.php(412): CodeIgniter\CodeIgniter->runController(Object(App\Controllers\Home))
#11 C:\wamp64\www\CarCenter\system\CodeIgniter.php(320): CodeIgniter\CodeIgniter->handleRequest(NULL, Object(Config\Cache), false)
#12 C:\wamp64\www\CarCenter\public\index.php(37): CodeIgniter\CodeIgniter->run()
#13 C:\wamp64\www\CarCenter\system\Commands\Server\rewrite.php(43): require_once('C:\\wamp64\\www\\C...')
#14 {main}
ERROR - 2022-05-04 12:51:46 --> Column 'nome' cannot be null
CRITICAL - 2022-05-04 12:51:46 --> Column 'nome' cannot be null
#0 C:\wamp64\www\CarCenter\system\Database\MySQLi\Connection.php(292): mysqli->query('INSERT INTO `tb...', 0)
#1 C:\wamp64\www\CarCenter\system\Database\BaseConnection.php(670): CodeIgniter\Database\MySQLi\Connection->execute('INSERT INTO `tb...')
#2 C:\wamp64\www\CarCenter\system\Database\BaseConnection.php(598): CodeIgniter\Database\BaseConnection->simpleQuery('INSERT INTO `tb...')
#3 C:\wamp64\www\CarCenter\system\Database\BaseBuilder.php(1771): CodeIgniter\Database\BaseConnection->query('INSERT INTO `tb...', Array, false)
#4 C:\wamp64\www\CarCenter\system\Model.php(239): CodeIgniter\Database\BaseBuilder->insert()
#5 C:\wamp64\www\CarCenter\system\BaseModel.php(738): CodeIgniter\Model->doInsert(Array)
#6 C:\wamp64\www\CarCenter\system\Model.php(625): CodeIgniter\BaseModel->insert(Array, false)
#7 C:\wamp64\www\CarCenter\system\BaseModel.php(658): CodeIgniter\Model->insert(Array, false)
#8 C:\wamp64\www\CarCenter\app\Controllers\Home.php(52): CodeIgniter\BaseModel->save(Array)
#9 C:\wamp64\www\CarCenter\system\CodeIgniter.php(825): App\Controllers\Home->inscrever()
#10 C:\wamp64\www\CarCenter\system\CodeIgniter.php(412): CodeIgniter\CodeIgniter->runController(Object(App\Controllers\Home))
#11 C:\wamp64\www\CarCenter\system\CodeIgniter.php(320): CodeIgniter\CodeIgniter->handleRequest(NULL, Object(Config\Cache), false)
#12 C:\wamp64\www\CarCenter\public\index.php(37): CodeIgniter\CodeIgniter->run()
#13 C:\wamp64\www\CarCenter\system\Commands\Server\rewrite.php(43): require_once('C:\\wamp64\\www\\C...')
#14 {main}
ERROR - 2022-05-04 12:52:36 --> Column 'profissao' cannot be null
CRITICAL - 2022-05-04 12:52:36 --> Column 'profissao' cannot be null
#0 C:\wamp64\www\CarCenter\system\Database\MySQLi\Connection.php(292): mysqli->query('INSERT INTO `tb...', 0)
#1 C:\wamp64\www\CarCenter\system\Database\BaseConnection.php(670): CodeIgniter\Database\MySQLi\Connection->execute('INSERT INTO `tb...')
#2 C:\wamp64\www\CarCenter\system\Database\BaseConnection.php(598): CodeIgniter\Database\BaseConnection->simpleQuery('INSERT INTO `tb...')
#3 C:\wamp64\www\CarCenter\system\Database\BaseBuilder.php(1771): CodeIgniter\Database\BaseConnection->query('INSERT INTO `tb...', Array, false)
#4 C:\wamp64\www\CarCenter\system\Model.php(239): CodeIgniter\Database\BaseBuilder->insert()
#5 C:\wamp64\www\CarCenter\system\BaseModel.php(738): CodeIgniter\Model->doInsert(Array)
#6 C:\wamp64\www\CarCenter\system\Model.php(625): CodeIgniter\BaseModel->insert(Array, false)
#7 C:\wamp64\www\CarCenter\system\BaseModel.php(658): CodeIgniter\Model->insert(Array, false)
#8 C:\wamp64\www\CarCenter\app\Controllers\Home.php(52): CodeIgniter\BaseModel->save(Array)
#9 C:\wamp64\www\CarCenter\system\CodeIgniter.php(825): App\Controllers\Home->inscrever()
#10 C:\wamp64\www\CarCenter\system\CodeIgniter.php(412): CodeIgniter\CodeIgniter->runController(Object(App\Controllers\Home))
#11 C:\wamp64\www\CarCenter\system\CodeIgniter.php(320): CodeIgniter\CodeIgniter->handleRequest(NULL, Object(Config\Cache), false)
#12 C:\wamp64\www\CarCenter\public\index.php(37): CodeIgniter\CodeIgniter->run()
#13 C:\wamp64\www\CarCenter\system\Commands\Server\rewrite.php(43): require_once('C:\\wamp64\\www\\C...')
#14 {main}
CRITICAL - 2022-05-04 12:53:28 -->  route cannot be found while reverse-routing.
#0 C:\wamp64\www\CarCenter\system\HTTP\RedirectResponse.php(56): CodeIgniter\HTTP\Exceptions\HTTPException::forInvalidRedirectRoute('')
#1 C:\wamp64\www\CarCenter\system\Common.php(832): CodeIgniter\HTTP\RedirectResponse->route(false)
#2 C:\wamp64\www\CarCenter\app\Controllers\Home.php(55): redirect('pessoa')
#3 C:\wamp64\www\CarCenter\system\CodeIgniter.php(825): App\Controllers\Home->inscrever()
#4 C:\wamp64\www\CarCenter\system\CodeIgniter.php(412): CodeIgniter\CodeIgniter->runController(Object(App\Controllers\Home))
#5 C:\wamp64\www\CarCenter\system\CodeIgniter.php(320): CodeIgniter\CodeIgniter->handleRequest(NULL, Object(Config\Cache), false)
#6 C:\wamp64\www\CarCenter\public\index.php(37): CodeIgniter\CodeIgniter->run()
#7 C:\wamp64\www\CarCenter\system\Commands\Server\rewrite.php(43): require_once('C:\\wamp64\\www\\C...')
#8 {main}
CRITICAL - 2022-05-04 12:54:23 -->  route cannot be found while reverse-routing.
#0 C:\wamp64\www\CarCenter\system\HTTP\RedirectResponse.php(56): CodeIgniter\HTTP\Exceptions\HTTPException::forInvalidRedirectRoute('')
#1 C:\wamp64\www\CarCenter\system\Common.php(832): CodeIgniter\HTTP\RedirectResponse->route(false)
#2 C:\wamp64\www\CarCenter\app\Controllers\Home.php(55): redirect('pessoas')
#3 C:\wamp64\www\CarCenter\system\CodeIgniter.php(825): App\Controllers\Home->inscrever()
#4 C:\wamp64\www\CarCenter\system\CodeIgniter.php(412): CodeIgniter\CodeIgniter->runController(Object(App\Controllers\Home))
#5 C:\wamp64\www\CarCenter\system\CodeIgniter.php(320): CodeIgniter\CodeIgniter->handleRequest(NULL, Object(Config\Cache), false)
#6 C:\wamp64\www\CarCenter\public\index.php(37): CodeIgniter\CodeIgniter->run()
#7 C:\wamp64\www\CarCenter\system\Commands\Server\rewrite.php(43): require_once('C:\\wamp64\\www\\C...')
#8 {main}
CRITICAL - 2022-05-04 12:54:30 -->  route cannot be found while reverse-routing.
#0 C:\wamp64\www\CarCenter\system\HTTP\RedirectResponse.php(56): CodeIgniter\HTTP\Exceptions\HTTPException::forInvalidRedirectRoute('')
#1 C:\wamp64\www\CarCenter\system\Common.php(832): CodeIgniter\HTTP\RedirectResponse->route(false)
#2 C:\wamp64\www\CarCenter\app\Controllers\Home.php(55): redirect('pessoas')
#3 C:\wamp64\www\CarCenter\system\CodeIgniter.php(825): App\Controllers\Home->inscrever()
#4 C:\wamp64\www\CarCenter\system\CodeIgniter.php(412): CodeIgniter\CodeIgniter->runController(Object(App\Controllers\Home))
#5 C:\wamp64\www\CarCenter\system\CodeIgniter.php(320): CodeIgniter\CodeIgniter->handleRequest(NULL, Object(Config\Cache), false)
#6 C:\wamp64\www\CarCenter\public\index.php(37): CodeIgniter\CodeIgniter->run()
#7 C:\wamp64\www\CarCenter\system\Commands\Server\rewrite.php(43): require_once('C:\\wamp64\\www\\C...')
#8 {main}
CRITICAL - 2022-05-04 13:05:23 -->  route cannot be found while reverse-routing.
#0 C:\wamp64\www\CarCenter\system\HTTP\RedirectResponse.php(56): CodeIgniter\HTTP\Exceptions\HTTPException::forInvalidRedirectRoute('')
#1 C:\wamp64\www\CarCenter\system\Common.php(832): CodeIgniter\HTTP\RedirectResponse->route(false)
#2 C:\wamp64\www\CarCenter\app\Controllers\Home.php(55): redirect('pessoas')
#3 C:\wamp64\www\CarCenter\system\CodeIgniter.php(825): App\Controllers\Home->inscrever()
#4 C:\wamp64\www\CarCenter\system\CodeIgniter.php(412): CodeIgniter\CodeIgniter->runController(Object(App\Controllers\Home))
#5 C:\wamp64\www\CarCenter\system\CodeIgniter.php(320): CodeIgniter\CodeIgniter->handleRequest(NULL, Object(Config\Cache), false)
#6 C:\wamp64\www\CarCenter\public\index.php(37): CodeIgniter\CodeIgniter->run()
#7 C:\wamp64\www\CarCenter\system\Commands\Server\rewrite.php(43): require_once('C:\\wamp64\\www\\C...')
#8 {main}
CRITICAL - 2022-05-04 13:06:34 -->  route cannot be found while reverse-routing.
#0 C:\wamp64\www\CarCenter\system\HTTP\RedirectResponse.php(56): CodeIgniter\HTTP\Exceptions\HTTPException::forInvalidRedirectRoute('')
#1 C:\wamp64\www\CarCenter\system\Common.php(832): CodeIgniter\HTTP\RedirectResponse->route(false)
#2 C:\wamp64\www\CarCenter\app\Controllers\Home.php(55): redirect('pessoas')
#3 C:\wamp64\www\CarCenter\system\CodeIgniter.php(825): App\Controllers\Home->inscrever()
#4 C:\wamp64\www\CarCenter\system\CodeIgniter.php(412): CodeIgniter\CodeIgniter->runController(Object(App\Controllers\Home))
#5 C:\wamp64\www\CarCenter\system\CodeIgniter.php(320): CodeIgniter\CodeIgniter->handleRequest(NULL, Object(Config\Cache), false)
#6 C:\wamp64\www\CarCenter\public\index.php(37): CodeIgniter\CodeIgniter->run()
#7 C:\wamp64\www\CarCenter\system\Commands\Server\rewrite.php(43): require_once('C:\\wamp64\\www\\C...')
#8 {main}
CRITICAL - 2022-05-04 13:06:40 -->  route cannot be found while reverse-routing.
#0 C:\wamp64\www\CarCenter\system\HTTP\RedirectResponse.php(56): CodeIgniter\HTTP\Exceptions\HTTPException::forInvalidRedirectRoute('')
#1 C:\wamp64\www\CarCenter\system\Common.php(832): CodeIgniter\HTTP\RedirectResponse->route(false)
#2 C:\wamp64\www\CarCenter\app\Controllers\Home.php(55): redirect('pessoas')
#3 C:\wamp64\www\CarCenter\system\CodeIgniter.php(825): App\Controllers\Home->inscrever()
#4 C:\wamp64\www\CarCenter\system\CodeIgniter.php(412): CodeIgniter\CodeIgniter->runController(Object(App\Controllers\Home))
#5 C:\wamp64\www\CarCenter\system\CodeIgniter.php(320): CodeIgniter\CodeIgniter->handleRequest(NULL, Object(Config\Cache), false)
#6 C:\wamp64\www\CarCenter\public\index.php(37): CodeIgniter\CodeIgniter->run()
#7 C:\wamp64\www\CarCenter\system\Commands\Server\rewrite.php(43): require_once('C:\\wamp64\\www\\C...')
#8 {main}
CRITICAL - 2022-05-04 13:10:43 -->  route cannot be found while reverse-routing.
#0 C:\wamp64\www\CarCenter\system\HTTP\RedirectResponse.php(56): CodeIgniter\HTTP\Exceptions\HTTPException::forInvalidRedirectRoute('')
#1 C:\wamp64\www\CarCenter\system\Common.php(832): CodeIgniter\HTTP\RedirectResponse->route(false)
#2 C:\wamp64\www\CarCenter\app\Controllers\Home.php(55): redirect('pessoas')
#3 C:\wamp64\www\CarCenter\system\CodeIgniter.php(825): App\Controllers\Home->inscrever()
#4 C:\wamp64\www\CarCenter\system\CodeIgniter.php(412): CodeIgniter\CodeIgniter->runController(Object(App\Controllers\Home))
#5 C:\wamp64\www\CarCenter\system\CodeIgniter.php(320): CodeIgniter\CodeIgniter->handleRequest(NULL, Object(Config\Cache), false)
#6 C:\wamp64\www\CarCenter\public\index.php(37): CodeIgniter\CodeIgniter->run()
#7 C:\wamp64\www\CarCenter\system\Commands\Server\rewrite.php(43): require_once('C:\\wamp64\\www\\C...')
#8 {main}
ERROR - 2022-05-04 13:13:01 --> Column 'nome' cannot be null
CRITICAL - 2022-05-04 13:13:01 --> Column 'nome' cannot be null
#0 C:\wamp64\www\CarCenter\system\Database\MySQLi\Connection.php(292): mysqli->query('INSERT INTO `tb...', 0)
#1 C:\wamp64\www\CarCenter\system\Database\BaseConnection.php(670): CodeIgniter\Database\MySQLi\Connection->execute('INSERT INTO `tb...')
#2 C:\wamp64\www\CarCenter\system\Database\BaseConnection.php(598): CodeIgniter\Database\BaseConnection->simpleQuery('INSERT INTO `tb...')
#3 C:\wamp64\www\CarCenter\system\Database\BaseBuilder.php(1771): CodeIgniter\Database\BaseConnection->query('INSERT INTO `tb...', Array, false)
#4 C:\wamp64\www\CarCenter\system\Model.php(239): CodeIgniter\Database\BaseBuilder->insert()
#5 C:\wamp64\www\CarCenter\system\BaseModel.php(738): CodeIgniter\Model->doInsert(Array)
#6 C:\wamp64\www\CarCenter\system\Model.php(625): CodeIgniter\BaseModel->insert(Array, false)
#7 C:\wamp64\www\CarCenter\system\BaseModel.php(658): CodeIgniter\Model->insert(Array, false)
#8 C:\wamp64\www\CarCenter\app\Controllers\Home.php(52): CodeIgniter\BaseModel->save(Array)
#9 C:\wamp64\www\CarCenter\system\CodeIgniter.php(825): App\Controllers\Home->inscrever()
#10 C:\wamp64\www\CarCenter\system\CodeIgniter.php(412): CodeIgniter\CodeIgniter->runController(Object(App\Controllers\Home))
#11 C:\wamp64\www\CarCenter\system\CodeIgniter.php(320): CodeIgniter\CodeIgniter->handleRequest(NULL, Object(Config\Cache), false)
#12 C:\wamp64\www\CarCenter\public\index.php(37): CodeIgniter\CodeIgniter->run()
#13 C:\wamp64\www\CarCenter\system\Commands\Server\rewrite.php(43): require_once('C:\\wamp64\\www\\C...')
#14 {main}
CRITICAL - 2022-05-04 13:13:25 -->  route cannot be found while reverse-routing.
#0 C:\wamp64\www\CarCenter\system\HTTP\RedirectResponse.php(56): CodeIgniter\HTTP\Exceptions\HTTPException::forInvalidRedirectRoute('')
#1 C:\wamp64\www\CarCenter\system\Common.php(832): CodeIgniter\HTTP\RedirectResponse->route(false)
#2 C:\wamp64\www\CarCenter\app\Controllers\Home.php(55): redirect('pessoas')
#3 C:\wamp64\www\CarCenter\system\CodeIgniter.php(825): App\Controllers\Home->inscrever()
#4 C:\wamp64\www\CarCenter\system\CodeIgniter.php(412): CodeIgniter\CodeIgniter->runController(Object(App\Controllers\Home))
#5 C:\wamp64\www\CarCenter\system\CodeIgniter.php(320): CodeIgniter\CodeIgniter->handleRequest(NULL, Object(Config\Cache), false)
#6 C:\wamp64\www\CarCenter\public\index.php(37): CodeIgniter\CodeIgniter->run()
#7 C:\wamp64\www\CarCenter\system\Commands\Server\rewrite.php(43): require_once('C:\\wamp64\\www\\C...')
#8 {main}
ERROR - 2022-05-04 13:14:38 --> Column 'nome' cannot be null
CRITICAL - 2022-05-04 13:14:38 --> Column 'nome' cannot be null
#0 C:\wamp64\www\CarCenter\system\Database\MySQLi\Connection.php(292): mysqli->query('INSERT INTO `tb...', 0)
#1 C:\wamp64\www\CarCenter\system\Database\BaseConnection.php(670): CodeIgniter\Database\MySQLi\Connection->execute('INSERT INTO `tb...')
#2 C:\wamp64\www\CarCenter\system\Database\BaseConnection.php(598): CodeIgniter\Database\BaseConnection->simpleQuery('INSERT INTO `tb...')
#3 C:\wamp64\www\CarCenter\system\Database\BaseBuilder.php(1771): CodeIgniter\Database\BaseConnection->query('INSERT INTO `tb...', Array, false)
#4 C:\wamp64\www\CarCenter\system\Model.php(239): CodeIgniter\Database\BaseBuilder->insert()
#5 C:\wamp64\www\CarCenter\system\BaseModel.php(738): CodeIgniter\Model->doInsert(Array)
#6 C:\wamp64\www\CarCenter\system\Model.php(625): CodeIgniter\BaseModel->insert(Array, false)
#7 C:\wamp64\www\CarCenter\system\BaseModel.php(658): CodeIgniter\Model->insert(Array, false)
#8 C:\wamp64\www\CarCenter\app\Controllers\Home.php(52): CodeIgniter\BaseModel->save(Array)
#9 C:\wamp64\www\CarCenter\system\CodeIgniter.php(825): App\Controllers\Home->inscrever()
#10 C:\wamp64\www\CarCenter\system\CodeIgniter.php(412): CodeIgniter\CodeIgniter->runController(Object(App\Controllers\Home))
#11 C:\wamp64\www\CarCenter\system\CodeIgniter.php(320): CodeIgniter\CodeIgniter->handleRequest(NULL, Object(Config\Cache), false)
#12 C:\wamp64\www\CarCenter\public\index.php(37): CodeIgniter\CodeIgniter->run()
#13 C:\wamp64\www\CarCenter\system\Commands\Server\rewrite.php(43): require_once('C:\\wamp64\\www\\C...')
#14 {main}
ERROR - 2022-05-04 13:15:59 --> Column 'nome' cannot be null
CRITICAL - 2022-05-04 13:15:59 --> Column 'nome' cannot be null
#0 C:\wamp64\www\CarCenter\system\Database\MySQLi\Connection.php(292): mysqli->query('INSERT INTO `tb...', 0)
#1 C:\wamp64\www\CarCenter\system\Database\BaseConnection.php(670): CodeIgniter\Database\MySQLi\Connection->execute('INSERT INTO `tb...')
#2 C:\wamp64\www\CarCenter\system\Database\BaseConnection.php(598): CodeIgniter\Database\BaseConnection->simpleQuery('INSERT INTO `tb...')
#3 C:\wamp64\www\CarCenter\system\Database\BaseBuilder.php(1771): CodeIgniter\Database\BaseConnection->query('INSERT INTO `tb...', Array, false)
#4 C:\wamp64\www\CarCenter\system\Model.php(239): CodeIgniter\Database\BaseBuilder->insert()
#5 C:\wamp64\www\CarCenter\system\BaseModel.php(738): CodeIgniter\Model->doInsert(Array)
#6 C:\wamp64\www\CarCenter\system\Model.php(625): CodeIgniter\BaseModel->insert(Array, false)
#7 C:\wamp64\www\CarCenter\system\BaseModel.php(658): CodeIgniter\Model->insert(Array, false)
#8 C:\wamp64\www\CarCenter\app\Controllers\Home.php(52): CodeIgniter\BaseModel->save(Array)
#9 C:\wamp64\www\CarCenter\system\CodeIgniter.php(825): App\Controllers\Home->inscrever()
#10 C:\wamp64\www\CarCenter\system\CodeIgniter.php(412): CodeIgniter\CodeIgniter->runController(Object(App\Controllers\Home))
#11 C:\wamp64\www\CarCenter\system\CodeIgniter.php(320): CodeIgniter\CodeIgniter->handleRequest(NULL, Object(Config\Cache), false)
#12 C:\wamp64\www\CarCenter\public\index.php(37): CodeIgniter\CodeIgniter->run()
#13 C:\wamp64\www\CarCenter\system\Commands\Server\rewrite.php(43): require_once('C:\\wamp64\\www\\C...')
#14 {main}
CRITICAL - 2022-05-04 13:16:11 --> Invalid file: cadastro-pessoa.php
#0 C:\wamp64\www\CarCenter\system\View\View.php(198): CodeIgniter\Exceptions\FrameworkException::forInvalidFile('cadastro-pessoa...')
#1 C:\wamp64\www\CarCenter\system\Common.php(1089): CodeIgniter\View\View->render('cadastro-pessoa', Array, true)
#2 C:\wamp64\www\CarCenter\app\Controllers\Home.php(19): view('cadastro-pessoa')
#3 C:\wamp64\www\CarCenter\system\CodeIgniter.php(825): App\Controllers\Home->page('cadastro-pessoa')
#4 C:\wamp64\www\CarCenter\system\CodeIgniter.php(412): CodeIgniter\CodeIgniter->runController(Object(App\Controllers\Home))
#5 C:\wamp64\www\CarCenter\system\CodeIgniter.php(320): CodeIgniter\CodeIgniter->handleRequest(NULL, Object(Config\Cache), false)
#6 C:\wamp64\www\CarCenter\public\index.php(37): CodeIgniter\CodeIgniter->run()
#7 C:\wamp64\www\CarCenter\system\Commands\Server\rewrite.php(43): require_once('C:\\wamp64\\www\\C...')
#8 {main}
CRITICAL - 2022-05-04 13:30:49 --> Invalid file: cadastro-pessoa.php
#0 C:\wamp64\www\CarCenter\system\View\View.php(198): CodeIgniter\Exceptions\FrameworkException::forInvalidFile('cadastro-pessoa...')
#1 C:\wamp64\www\CarCenter\system\Common.php(1089): CodeIgniter\View\View->render('cadastro-pessoa', Array, true)
#2 C:\wamp64\www\CarCenter\app\Controllers\Home.php(19): view('cadastro-pessoa')
#3 C:\wamp64\www\CarCenter\system\CodeIgniter.php(825): App\Controllers\Home->page('cadastro-pessoa')
#4 C:\wamp64\www\CarCenter\system\CodeIgniter.php(412): CodeIgniter\CodeIgniter->runController(Object(App\Controllers\Home))
#5 C:\wamp64\www\CarCenter\system\CodeIgniter.php(320): CodeIgniter\CodeIgniter->handleRequest(NULL, Object(Config\Cache), false)
#6 C:\wamp64\www\CarCenter\public\index.php(37): CodeIgniter\CodeIgniter->run()
#7 C:\wamp64\www\CarCenter\system\Commands\Server\rewrite.php(43): require_once('C:\\wamp64\\www\\C...')
#8 {main}
CRITICAL - 2022-05-04 13:30:58 --> Invalid file: cadastro-pessoa.php
#0 C:\wamp64\www\CarCenter\system\View\View.php(198): CodeIgniter\Exceptions\FrameworkException::forInvalidFile('cadastro-pessoa...')
#1 C:\wamp64\www\CarCenter\system\Common.php(1089): CodeIgniter\View\View->render('cadastro-pessoa', Array, true)
#2 C:\wamp64\www\CarCenter\app\Controllers\Home.php(19): view('cadastro-pessoa')
#3 C:\wamp64\www\CarCenter\system\CodeIgniter.php(825): App\Controllers\Home->page('cadastro-pessoa')
#4 C:\wamp64\www\CarCenter\system\CodeIgniter.php(412): CodeIgniter\CodeIgniter->runController(Object(App\Controllers\Home))
#5 C:\wamp64\www\CarCenter\system\CodeIgniter.php(320): CodeIgniter\CodeIgniter->handleRequest(NULL, Object(Config\Cache), false)
#6 C:\wamp64\www\CarCenter\public\index.php(37): CodeIgniter\CodeIgniter->run()
#7 C:\wamp64\www\CarCenter\system\Commands\Server\rewrite.php(43): require_once('C:\\wamp64\\www\\C...')
#8 {main}
