CRITICAL - 2022-04-13 12:06:31 --> Class 'App\Controllers\PessoaModel' not found
#0 C:\wamp64\www\CarCenter\system\CodeIgniter.php(825): App\Controllers\Home->pessoa()
#1 C:\wamp64\www\CarCenter\system\CodeIgniter.php(412): CodeIgniter\CodeIgniter->runController(Object(App\Controllers\Home))
#2 C:\wamp64\www\CarCenter\system\CodeIgniter.php(320): CodeIgniter\CodeIgniter->handleRequest(NULL, Object(Config\Cache), false)
#3 C:\wamp64\www\CarCenter\public\index.php(37): CodeIgniter\CodeIgniter->run()
#4 C:\wamp64\www\CarCenter\system\Commands\Server\rewrite.php(43): require_once('C:\\wamp64\\www\\C...')
#5 {main}
CRITICAL - 2022-04-13 12:07:51 --> Class 'App\Controllers\PessoaModel' not found
#0 C:\wamp64\www\CarCenter\system\CodeIgniter.php(825): App\Controllers\Home->pessoa()
#1 C:\wamp64\www\CarCenter\system\CodeIgniter.php(412): CodeIgniter\CodeIgniter->runController(Object(App\Controllers\Home))
#2 C:\wamp64\www\CarCenter\system\CodeIgniter.php(320): CodeIgniter\CodeIgniter->handleRequest(NULL, Object(Config\Cache), false)
#3 C:\wamp64\www\CarCenter\public\index.php(37): CodeIgniter\CodeIgniter->run()
#4 C:\wamp64\www\CarCenter\system\Commands\Server\rewrite.php(43): require_once('C:\\wamp64\\www\\C...')
#5 {main}
CRITICAL - 2022-04-13 12:45:16 --> Invalid file: pessoa.php
#0 C:\wamp64\www\CarCenter\system\View\View.php(198): CodeIgniter\Exceptions\FrameworkException::forInvalidFile('pessoa.php')
#1 C:\wamp64\www\CarCenter\system\Common.php(1089): CodeIgniter\View\View->render('pessoa', Array, true)
#2 C:\wamp64\www\CarCenter\app\Controllers\Home.php(33): view('pessoa', Array)
#3 C:\wamp64\www\CarCenter\system\CodeIgniter.php(825): App\Controllers\Home->Pessoas()
#4 C:\wamp64\www\CarCenter\system\CodeIgniter.php(412): CodeIgniter\CodeIgniter->runController(Object(App\Controllers\Home))
#5 C:\wamp64\www\CarCenter\system\CodeIgniter.php(320): CodeIgniter\CodeIgniter->handleRequest(NULL, Object(Config\Cache), false)
#6 C:\wamp64\www\CarCenter\public\index.php(37): CodeIgniter\CodeIgniter->run()
#7 {main}
CRITICAL - 2022-04-13 12:47:56 --> Invalid argument supplied for foreach()
#0 C:\wamp64\www\CarCenter\app\Views\Pessoas.php(4): CodeIgniter\Debug\Exceptions->errorHandler(2, 'Invalid argumen...', 'C:\\wamp64\\www\\C...', 4, Array)
#1 C:\wamp64\www\CarCenter\system\View\View.php(210): include('C:\\wamp64\\www\\C...')
#2 C:\wamp64\www\CarCenter\system\View\View.php(213): CodeIgniter\View\View->CodeIgniter\View\{closure}()
#3 C:\wamp64\www\CarCenter\system\Common.php(1089): CodeIgniter\View\View->render('pessoas', Array, true)
#4 C:\wamp64\www\CarCenter\app\Controllers\Home.php(19): view('pessoas')
#5 C:\wamp64\www\CarCenter\system\CodeIgniter.php(825): App\Controllers\Home->page('pessoas')
#6 C:\wamp64\www\CarCenter\system\CodeIgniter.php(412): CodeIgniter\CodeIgniter->runController(Object(App\Controllers\Home))
#7 C:\wamp64\www\CarCenter\system\CodeIgniter.php(320): CodeIgniter\CodeIgniter->handleRequest(NULL, Object(Config\Cache), false)
#8 C:\wamp64\www\CarCenter\public\index.php(37): CodeIgniter\CodeIgniter->run()
#9 {main}
CRITICAL - 2022-04-13 12:49:16 --> Invalid argument supplied for foreach()
#0 C:\wamp64\www\CarCenter\app\Views\Pessoas.php(4): CodeIgniter\Debug\Exceptions->errorHandler(2, 'Invalid argumen...', 'C:\\wamp64\\www\\C...', 4, Array)
#1 C:\wamp64\www\CarCenter\system\View\View.php(210): include('C:\\wamp64\\www\\C...')
#2 C:\wamp64\www\CarCenter\system\View\View.php(213): CodeIgniter\View\View->CodeIgniter\View\{closure}()
#3 C:\wamp64\www\CarCenter\system\Common.php(1089): CodeIgniter\View\View->render('pessoas', Array, true)
#4 C:\wamp64\www\CarCenter\app\Controllers\Home.php(19): view('pessoas')
#5 C:\wamp64\www\CarCenter\system\CodeIgniter.php(825): App\Controllers\Home->page('pessoas')
#6 C:\wamp64\www\CarCenter\system\CodeIgniter.php(412): CodeIgniter\CodeIgniter->runController(Object(App\Controllers\Home))
#7 C:\wamp64\www\CarCenter\system\CodeIgniter.php(320): CodeIgniter\CodeIgniter->handleRequest(NULL, Object(Config\Cache), false)
#8 C:\wamp64\www\CarCenter\public\index.php(37): CodeIgniter\CodeIgniter->run()
#9 C:\wamp64\www\CarCenter\system\Commands\Server\rewrite.php(43): require_once('C:\\wamp64\\www\\C...')
#10 {main}
CRITICAL - 2022-04-13 12:49:20 --> Invalid file: pessoa.php
#0 C:\wamp64\www\CarCenter\system\View\View.php(198): CodeIgniter\Exceptions\FrameworkException::forInvalidFile('pessoa.php')
#1 C:\wamp64\www\CarCenter\system\Common.php(1089): CodeIgniter\View\View->render('pessoa', Array, true)
#2 C:\wamp64\www\CarCenter\app\Controllers\Home.php(19): view('pessoa')
#3 C:\wamp64\www\CarCenter\system\CodeIgniter.php(825): App\Controllers\Home->page('pessoa')
#4 C:\wamp64\www\CarCenter\system\CodeIgniter.php(412): CodeIgniter\CodeIgniter->runController(Object(App\Controllers\Home))
#5 C:\wamp64\www\CarCenter\system\CodeIgniter.php(320): CodeIgniter\CodeIgniter->handleRequest(NULL, Object(Config\Cache), false)
#6 C:\wamp64\www\CarCenter\public\index.php(37): CodeIgniter\CodeIgniter->run()
#7 C:\wamp64\www\CarCenter\system\Commands\Server\rewrite.php(43): require_once('C:\\wamp64\\www\\C...')
#8 {main}
CRITICAL - 2022-04-13 12:49:25 --> Invalid argument supplied for foreach()
#0 C:\wamp64\www\CarCenter\app\Views\Pessoas.php(4): CodeIgniter\Debug\Exceptions->errorHandler(2, 'Invalid argumen...', 'C:\\wamp64\\www\\C...', 4, Array)
#1 C:\wamp64\www\CarCenter\system\View\View.php(210): include('C:\\wamp64\\www\\C...')
#2 C:\wamp64\www\CarCenter\system\View\View.php(213): CodeIgniter\View\View->CodeIgniter\View\{closure}()
#3 C:\wamp64\www\CarCenter\system\Common.php(1089): CodeIgniter\View\View->render('pessoas', Array, true)
#4 C:\wamp64\www\CarCenter\app\Controllers\Home.php(19): view('pessoas')
#5 C:\wamp64\www\CarCenter\system\CodeIgniter.php(825): App\Controllers\Home->page('pessoas')
#6 C:\wamp64\www\CarCenter\system\CodeIgniter.php(412): CodeIgniter\CodeIgniter->runController(Object(App\Controllers\Home))
#7 C:\wamp64\www\CarCenter\system\CodeIgniter.php(320): CodeIgniter\CodeIgniter->handleRequest(NULL, Object(Config\Cache), false)
#8 C:\wamp64\www\CarCenter\public\index.php(37): CodeIgniter\CodeIgniter->run()
#9 {main}
CRITICAL - 2022-04-13 12:49:29 --> Invalid argument supplied for foreach()
#0 C:\wamp64\www\CarCenter\app\Views\Pessoas.php(4): CodeIgniter\Debug\Exceptions->errorHandler(2, 'Invalid argumen...', 'C:\\wamp64\\www\\C...', 4, Array)
#1 C:\wamp64\www\CarCenter\system\View\View.php(210): include('C:\\wamp64\\www\\C...')
#2 C:\wamp64\www\CarCenter\system\View\View.php(213): CodeIgniter\View\View->CodeIgniter\View\{closure}()
#3 C:\wamp64\www\CarCenter\system\Common.php(1089): CodeIgniter\View\View->render('pessoas', Array, true)
#4 C:\wamp64\www\CarCenter\app\Controllers\Home.php(19): view('pessoas')
#5 C:\wamp64\www\CarCenter\system\CodeIgniter.php(825): App\Controllers\Home->page('pessoas')
#6 C:\wamp64\www\CarCenter\system\CodeIgniter.php(412): CodeIgniter\CodeIgniter->runController(Object(App\Controllers\Home))
#7 C:\wamp64\www\CarCenter\system\CodeIgniter.php(320): CodeIgniter\CodeIgniter->handleRequest(NULL, Object(Config\Cache), false)
#8 C:\wamp64\www\CarCenter\public\index.php(37): CodeIgniter\CodeIgniter->run()
#9 {main}
CRITICAL - 2022-04-13 12:49:34 --> Invalid argument supplied for foreach()
#0 C:\wamp64\www\CarCenter\app\Views\Pessoas.php(4): CodeIgniter\Debug\Exceptions->errorHandler(2, 'Invalid argumen...', 'C:\\wamp64\\www\\C...', 4, Array)
#1 C:\wamp64\www\CarCenter\system\View\View.php(210): include('C:\\wamp64\\www\\C...')
#2 C:\wamp64\www\CarCenter\system\View\View.php(213): CodeIgniter\View\View->CodeIgniter\View\{closure}()
#3 C:\wamp64\www\CarCenter\system\Common.php(1089): CodeIgniter\View\View->render('pessoas', Array, true)
#4 C:\wamp64\www\CarCenter\app\Controllers\Home.php(19): view('pessoas')
#5 C:\wamp64\www\CarCenter\system\CodeIgniter.php(825): App\Controllers\Home->page('pessoas')
#6 C:\wamp64\www\CarCenter\system\CodeIgniter.php(412): CodeIgniter\CodeIgniter->runController(Object(App\Controllers\Home))
#7 C:\wamp64\www\CarCenter\system\CodeIgniter.php(320): CodeIgniter\CodeIgniter->handleRequest(NULL, Object(Config\Cache), false)
#8 C:\wamp64\www\CarCenter\public\index.php(37): CodeIgniter\CodeIgniter->run()
#9 C:\wamp64\www\CarCenter\system\Commands\Server\rewrite.php(43): require_once('C:\\wamp64\\www\\C...')
#10 {main}
CRITICAL - 2022-04-13 12:49:37 --> Invalid file: pessoa.php
#0 C:\wamp64\www\CarCenter\system\View\View.php(198): CodeIgniter\Exceptions\FrameworkException::forInvalidFile('pessoa.php')
#1 C:\wamp64\www\CarCenter\system\Common.php(1089): CodeIgniter\View\View->render('pessoa', Array, true)
#2 C:\wamp64\www\CarCenter\app\Controllers\Home.php(19): view('pessoa')
#3 C:\wamp64\www\CarCenter\system\CodeIgniter.php(825): App\Controllers\Home->page('pessoa')
#4 C:\wamp64\www\CarCenter\system\CodeIgniter.php(412): CodeIgniter\CodeIgniter->runController(Object(App\Controllers\Home))
#5 C:\wamp64\www\CarCenter\system\CodeIgniter.php(320): CodeIgniter\CodeIgniter->handleRequest(NULL, Object(Config\Cache), false)
#6 C:\wamp64\www\CarCenter\public\index.php(37): CodeIgniter\CodeIgniter->run()
#7 C:\wamp64\www\CarCenter\system\Commands\Server\rewrite.php(43): require_once('C:\\wamp64\\www\\C...')
#8 {main}
CRITICAL - 2022-04-13 12:52:53 --> Invalid file: pessoa.php
#0 C:\wamp64\www\CarCenter\system\View\View.php(198): CodeIgniter\Exceptions\FrameworkException::forInvalidFile('pessoa.php')
#1 C:\wamp64\www\CarCenter\system\Common.php(1089): CodeIgniter\View\View->render('pessoa', Array, true)
#2 C:\wamp64\www\CarCenter\app\Controllers\Home.php(19): view('pessoa')
#3 C:\wamp64\www\CarCenter\system\CodeIgniter.php(825): App\Controllers\Home->page('pessoa')
#4 C:\wamp64\www\CarCenter\system\CodeIgniter.php(412): CodeIgniter\CodeIgniter->runController(Object(App\Controllers\Home))
#5 C:\wamp64\www\CarCenter\system\CodeIgniter.php(320): CodeIgniter\CodeIgniter->handleRequest(NULL, Object(Config\Cache), false)
#6 C:\wamp64\www\CarCenter\public\index.php(37): CodeIgniter\CodeIgniter->run()
#7 C:\wamp64\www\CarCenter\system\Commands\Server\rewrite.php(43): require_once('C:\\wamp64\\www\\C...')
#8 {main}
CRITICAL - 2022-04-13 12:53:08 --> Invalid file: pessoa.php
#0 C:\wamp64\www\CarCenter\system\View\View.php(198): CodeIgniter\Exceptions\FrameworkException::forInvalidFile('pessoa.php')
#1 C:\wamp64\www\CarCenter\system\Common.php(1089): CodeIgniter\View\View->render('pessoa', Array, true)
#2 C:\wamp64\www\CarCenter\app\Controllers\Home.php(33): view('pessoa', Array)
#3 C:\wamp64\www\CarCenter\system\CodeIgniter.php(825): App\Controllers\Home->pessoa()
#4 C:\wamp64\www\CarCenter\system\CodeIgniter.php(412): CodeIgniter\CodeIgniter->runController(Object(App\Controllers\Home))
#5 C:\wamp64\www\CarCenter\system\CodeIgniter.php(320): CodeIgniter\CodeIgniter->handleRequest(NULL, Object(Config\Cache), false)
#6 C:\wamp64\www\CarCenter\public\index.php(37): CodeIgniter\CodeIgniter->run()
#7 C:\wamp64\www\CarCenter\system\Commands\Server\rewrite.php(43): require_once('C:\\wamp64\\www\\C...')
#8 {main}
CRITICAL - 2022-04-13 12:53:13 --> Invalid file: pessoa.php
#0 C:\wamp64\www\CarCenter\system\View\View.php(198): CodeIgniter\Exceptions\FrameworkException::forInvalidFile('pessoa.php')
#1 C:\wamp64\www\CarCenter\system\Common.php(1089): CodeIgniter\View\View->render('pessoa', Array, true)
#2 C:\wamp64\www\CarCenter\app\Controllers\Home.php(19): view('pessoa')
#3 C:\wamp64\www\CarCenter\system\CodeIgniter.php(825): App\Controllers\Home->page('pessoa')
#4 C:\wamp64\www\CarCenter\system\CodeIgniter.php(412): CodeIgniter\CodeIgniter->runController(Object(App\Controllers\Home))
#5 C:\wamp64\www\CarCenter\system\CodeIgniter.php(320): CodeIgniter\CodeIgniter->handleRequest(NULL, Object(Config\Cache), false)
#6 C:\wamp64\www\CarCenter\public\index.php(37): CodeIgniter\CodeIgniter->run()
#7 C:\wamp64\www\CarCenter\system\Commands\Server\rewrite.php(43): require_once('C:\\wamp64\\www\\C...')
#8 {main}
CRITICAL - 2022-04-13 12:54:02 --> Invalid argument supplied for foreach()
#0 C:\wamp64\www\CarCenter\app\Views\Pessoas.php(4): CodeIgniter\Debug\Exceptions->errorHandler(2, 'Invalid argumen...', 'C:\\wamp64\\www\\C...', 4, Array)
#1 C:\wamp64\www\CarCenter\system\View\View.php(210): include('C:\\wamp64\\www\\C...')
#2 C:\wamp64\www\CarCenter\system\View\View.php(213): CodeIgniter\View\View->CodeIgniter\View\{closure}()
#3 C:\wamp64\www\CarCenter\system\Common.php(1089): CodeIgniter\View\View->render('pessoas', Array, true)
#4 C:\wamp64\www\CarCenter\app\Controllers\Home.php(19): view('pessoas')
#5 C:\wamp64\www\CarCenter\system\CodeIgniter.php(825): App\Controllers\Home->page('pessoas')
#6 C:\wamp64\www\CarCenter\system\CodeIgniter.php(412): CodeIgniter\CodeIgniter->runController(Object(App\Controllers\Home))
#7 C:\wamp64\www\CarCenter\system\CodeIgniter.php(320): CodeIgniter\CodeIgniter->handleRequest(NULL, Object(Config\Cache), false)
#8 C:\wamp64\www\CarCenter\public\index.php(37): CodeIgniter\CodeIgniter->run()
#9 C:\wamp64\www\CarCenter\system\Commands\Server\rewrite.php(43): require_once('C:\\wamp64\\www\\C...')
#10 {main}
CRITICAL - 2022-04-13 12:54:07 --> Invalid file: pessoa].php
#0 C:\wamp64\www\CarCenter\system\View\View.php(198): CodeIgniter\Exceptions\FrameworkException::forInvalidFile('pessoa].php')
#1 C:\wamp64\www\CarCenter\system\Common.php(1089): CodeIgniter\View\View->render('pessoa]', Array, true)
#2 C:\wamp64\www\CarCenter\app\Controllers\Home.php(19): view('pessoa]')
#3 C:\wamp64\www\CarCenter\system\CodeIgniter.php(825): App\Controllers\Home->page('pessoa]')
#4 C:\wamp64\www\CarCenter\system\CodeIgniter.php(412): CodeIgniter\CodeIgniter->runController(Object(App\Controllers\Home))
#5 C:\wamp64\www\CarCenter\system\CodeIgniter.php(320): CodeIgniter\CodeIgniter->handleRequest(NULL, Object(Config\Cache), false)
#6 C:\wamp64\www\CarCenter\public\index.php(37): CodeIgniter\CodeIgniter->run()
#7 C:\wamp64\www\CarCenter\system\Commands\Server\rewrite.php(43): require_once('C:\\wamp64\\www\\C...')
#8 {main}
CRITICAL - 2022-04-13 12:54:10 --> Invalid file: pessoa.php
#0 C:\wamp64\www\CarCenter\system\View\View.php(198): CodeIgniter\Exceptions\FrameworkException::forInvalidFile('pessoa.php')
#1 C:\wamp64\www\CarCenter\system\Common.php(1089): CodeIgniter\View\View->render('pessoa', Array, true)
#2 C:\wamp64\www\CarCenter\app\Controllers\Home.php(33): view('pessoa', Array)
#3 C:\wamp64\www\CarCenter\system\CodeIgniter.php(825): App\Controllers\Home->pessoas()
#4 C:\wamp64\www\CarCenter\system\CodeIgniter.php(412): CodeIgniter\CodeIgniter->runController(Object(App\Controllers\Home))
#5 C:\wamp64\www\CarCenter\system\CodeIgniter.php(320): CodeIgniter\CodeIgniter->handleRequest(NULL, Object(Config\Cache), false)
#6 C:\wamp64\www\CarCenter\public\index.php(37): CodeIgniter\CodeIgniter->run()
#7 C:\wamp64\www\CarCenter\system\Commands\Server\rewrite.php(43): require_once('C:\\wamp64\\www\\C...')
#8 {main}
CRITICAL - 2022-04-13 12:54:38 --> Invalid file: pessoa.php
#0 C:\wamp64\www\CarCenter\system\View\View.php(198): CodeIgniter\Exceptions\FrameworkException::forInvalidFile('pessoa.php')
#1 C:\wamp64\www\CarCenter\system\Common.php(1089): CodeIgniter\View\View->render('pessoa', Array, true)
#2 C:\wamp64\www\CarCenter\app\Controllers\Home.php(33): view('pessoa', Array)
#3 C:\wamp64\www\CarCenter\system\CodeIgniter.php(825): App\Controllers\Home->pessoas()
#4 C:\wamp64\www\CarCenter\system\CodeIgniter.php(412): CodeIgniter\CodeIgniter->runController(Object(App\Controllers\Home))
#5 C:\wamp64\www\CarCenter\system\CodeIgniter.php(320): CodeIgniter\CodeIgniter->handleRequest(NULL, Object(Config\Cache), false)
#6 C:\wamp64\www\CarCenter\public\index.php(37): CodeIgniter\CodeIgniter->run()
#7 C:\wamp64\www\CarCenter\system\Commands\Server\rewrite.php(43): require_once('C:\\wamp64\\www\\C...')
#8 {main}
CRITICAL - 2022-04-13 12:55:03 --> Undefined variable: title
#0 C:\wamp64\www\CarCenter\app\Views\Pessoas.php(1): CodeIgniter\Debug\Exceptions->errorHandler(8, 'Undefined varia...', 'C:\\wamp64\\www\\C...', 1, Array)
#1 C:\wamp64\www\CarCenter\system\View\View.php(210): include('C:\\wamp64\\www\\C...')
#2 C:\wamp64\www\CarCenter\system\View\View.php(213): CodeIgniter\View\View->CodeIgniter\View\{closure}()
#3 C:\wamp64\www\CarCenter\system\Common.php(1089): CodeIgniter\View\View->render('pessoas', Array, true)
#4 C:\wamp64\www\CarCenter\app\Controllers\Home.php(19): view('pessoas')
#5 C:\wamp64\www\CarCenter\system\CodeIgniter.php(825): App\Controllers\Home->page('pessoas')
#6 C:\wamp64\www\CarCenter\system\CodeIgniter.php(412): CodeIgniter\CodeIgniter->runController(Object(App\Controllers\Home))
#7 C:\wamp64\www\CarCenter\system\CodeIgniter.php(320): CodeIgniter\CodeIgniter->handleRequest(NULL, Object(Config\Cache), false)
#8 C:\wamp64\www\CarCenter\public\index.php(37): CodeIgniter\CodeIgniter->run()
#9 C:\wamp64\www\CarCenter\system\Commands\Server\rewrite.php(43): require_once('C:\\wamp64\\www\\C...')
#10 {main}
CRITICAL - 2022-04-13 12:55:36 --> Invalid file: pessoas.php
#0 C:\wamp64\www\CarCenter\system\View\View.php(198): CodeIgniter\Exceptions\FrameworkException::forInvalidFile('pessoas.php')
#1 C:\wamp64\www\CarCenter\system\Common.php(1089): CodeIgniter\View\View->render('pessoas', Array, true)
#2 C:\wamp64\www\CarCenter\app\Controllers\Home.php(19): view('pessoas')
#3 C:\wamp64\www\CarCenter\system\CodeIgniter.php(825): App\Controllers\Home->page('pessoas')
#4 C:\wamp64\www\CarCenter\system\CodeIgniter.php(412): CodeIgniter\CodeIgniter->runController(Object(App\Controllers\Home))
#5 C:\wamp64\www\CarCenter\system\CodeIgniter.php(320): CodeIgniter\CodeIgniter->handleRequest(NULL, Object(Config\Cache), false)
#6 C:\wamp64\www\CarCenter\public\index.php(37): CodeIgniter\CodeIgniter->run()
#7 C:\wamp64\www\CarCenter\system\Commands\Server\rewrite.php(43): require_once('C:\\wamp64\\www\\C...')
#8 {main}
CRITICAL - 2022-04-13 12:55:40 --> Undefined variable: Pessoas
#0 C:\wamp64\www\CarCenter\app\Views\pessoa.php(4): CodeIgniter\Debug\Exceptions->errorHandler(8, 'Undefined varia...', 'C:\\wamp64\\www\\C...', 4, Array)
#1 C:\wamp64\www\CarCenter\system\View\View.php(210): include('C:\\wamp64\\www\\C...')
#2 C:\wamp64\www\CarCenter\system\View\View.php(213): CodeIgniter\View\View->CodeIgniter\View\{closure}()
#3 C:\wamp64\www\CarCenter\system\Common.php(1089): CodeIgniter\View\View->render('pessoa', Array, true)
#4 C:\wamp64\www\CarCenter\app\Controllers\Home.php(33): view('pessoa', Array)
#5 C:\wamp64\www\CarCenter\system\CodeIgniter.php(825): App\Controllers\Home->pessoas()
#6 C:\wamp64\www\CarCenter\system\CodeIgniter.php(412): CodeIgniter\CodeIgniter->runController(Object(App\Controllers\Home))
#7 C:\wamp64\www\CarCenter\system\CodeIgniter.php(320): CodeIgniter\CodeIgniter->handleRequest(NULL, Object(Config\Cache), false)
#8 C:\wamp64\www\CarCenter\public\index.php(37): CodeIgniter\CodeIgniter->run()
#9 C:\wamp64\www\CarCenter\system\Commands\Server\rewrite.php(43): require_once('C:\\wamp64\\www\\C...')
#10 {main}
